2025-09-15 14:39:05 INFO  o.h.validator.internal.util.Version - HV000001: Hibernate Validator 8.0.2.Final
2025-09-15 14:39:05 INFO  c.beautysalon.BeautySalonApplication - Starting BeautySalonApplication using Java 24.0.1 with PID 7828 (C:\Users\User\Downloads\Telegram Desktop\BeautySalon_15062025\BeautySalon\target\classes started by User in C:\Users\User\Downloads\Telegram Desktop\BeautySalon_15062025\BeautySalon)
2025-09-15 14:39:05 DEBUG c.beautysalon.BeautySalonApplication - Running with Spring Boot v3.5.0, Spring v6.2.7
2025-09-15 14:39:05 INFO  c.beautysalon.BeautySalonApplication - No active profile set, falling back to 1 default profile: "default"
2025-09-15 14:39:05 INFO  o.s.b.d.e.DevToolsPropertyDefaultsPostProcessor - Devtools property defaults active! Set 'spring.devtools.add-properties' to 'false' to disable
2025-09-15 14:39:05 INFO  o.s.b.d.e.DevToolsPropertyDefaultsPostProcessor - For additional web related logging consider setting the 'logging.level.web' property to 'DEBUG'
2025-09-15 14:39:09 INFO  o.s.d.r.c.RepositoryConfigurationDelegate - Bootstrapping Spring Data JPA repositories in DEFAULT mode.
2025-09-15 14:39:09 INFO  o.s.d.r.c.RepositoryConfigurationDelegate - Finished Spring Data repository scanning in 164 ms. Found 5 JPA repository interfaces.
2025-09-15 14:39:12 INFO  o.s.b.w.e.tomcat.TomcatWebServer - Tomcat initialized with port 8081 (http)
2025-09-15 14:39:12 INFO  o.a.coyote.http11.Http11NioProtocol - Initializing ProtocolHandler ["http-nio-8081"]
2025-09-15 14:39:12 INFO  o.a.catalina.core.StandardService - Starting service [Tomcat]
2025-09-15 14:39:12 INFO  o.a.catalina.core.StandardEngine - Starting Servlet engine: [Apache Tomcat/10.1.41]
2025-09-15 14:39:12 INFO  o.a.c.c.C.[Tomcat].[localhost].[/] - Initializing Spring embedded WebApplicationContext
2025-09-15 14:39:12 INFO  o.s.b.w.s.c.ServletWebServerApplicationContext - Root WebApplicationContext: initialization completed in 7019 ms
2025-09-15 14:39:13 DEBUG o.s.w.f.ServerHttpObservationFilter - Filter 'webMvcObservationFilter' configured for use
2025-09-15 14:39:13 INFO  o.h.jpa.internal.util.LogHelper - HHH000204: Processing PersistenceUnitInfo [name: default]
2025-09-15 14:39:20 INFO  org.hibernate.Version - HHH000412: Hibernate ORM core version 6.6.15.Final
2025-09-15 14:39:21 INFO  o.h.c.i.RegionFactoryInitiator - HHH000026: Second-level cache disabled
2025-09-15 14:39:22 INFO  o.s.o.j.p.SpringPersistenceUnitInfo - No LoadTimeWeaver setup: ignoring JPA class transformer
2025-09-15 14:39:22 INFO  com.zaxxer.hikari.HikariDataSource - HikariPool-1 - Starting...
2025-09-15 14:39:22 INFO  com.zaxxer.hikari.pool.HikariPool - HikariPool-1 - Added connection org.postgresql.jdbc.PgConnection@4456df7f
2025-09-15 14:39:22 INFO  com.zaxxer.hikari.HikariDataSource - HikariPool-1 - Start completed.
2025-09-15 14:39:23 WARN  org.hibernate.orm.deprecation - HHH90000025: PostgreSQLDialect does not need to be specified explicitly using 'hibernate.dialect' (remove the property setting and it will be selected by default)
2025-09-15 14:39:23 INFO  o.hibernate.orm.connections.pooling - HHH10001005: Database info:
	Database JDBC URL [Connecting through datasource 'HikariDataSource (HikariPool-1)']
	Database driver: undefined/unknown
	Database version: 17.0
	Autocommit mode: undefined/unknown
	Isolation level: undefined/unknown
	Minimum pool size: undefined/unknown
	Maximum pool size: undefined/unknown
2025-09-15 14:39:25 INFO  o.h.e.t.j.p.i.JtaPlatformInitiator - HHH000489: No JTA platform available (set 'hibernate.transaction.jta.platform' to enable JTA platform integration)
2025-09-15 14:39:27 INFO  o.s.o.j.LocalContainerEntityManagerFactoryBean - Initialized JPA EntityManagerFactory for persistence unit 'default'
2025-09-15 14:39:27 INFO  o.s.d.j.r.query.QueryEnhancerFactory - Hibernate is in classpath; If applicable, HQL parser will be used.
2025-09-15 14:39:31 INFO  o.s.s.c.a.a.c.InitializeAuthenticationProviderBeanManagerConfigurer$InitializeAuthenticationProviderManagerConfigurer - Global AuthenticationManager configured with AuthenticationProvider bean with name authProvider
2025-09-15 14:39:31 WARN  o.s.s.c.a.a.c.InitializeUserDetailsBeanManagerConfigurer$InitializeUserDetailsManagerConfigurer - Global AuthenticationManager configured with an AuthenticationProvider bean. UserDetailsService beans will not be used by Spring Security for automatically configuring username/password login. Consider removing the AuthenticationProvider bean. Alternatively, consider using the UserDetailsService in a manually instantiated DaoAuthenticationProvider. If the current configuration is intentional, to turn off this warning, increase the logging level of 'org.springframework.security.config.annotation.authentication.configuration.InitializeUserDetailsBeanManagerConfigurer' to ERROR
2025-09-15 14:39:31 WARN  o.s.s.c.a.w.c.AuthorizeHttpRequestsConfigurer$AuthorizationManagerRequestMatcherRegistry - One of the patterns in [/, home/, /login, /register, /css/**, /api/**, /uploads/**, /js/**, /images/**, /favicon.ico, /roles/**, /usuarios/**] is missing a leading slash. This is discouraged; please include the leading slash in all your request matcher patterns. In future versions of Spring Security, leaving out the leading slash will result in an exception.
2025-09-15 14:39:31 DEBUG o.s.w.s.m.m.a.RequestMappingHandlerMapping - 50 mappings in 'requestMappingHandlerMapping'
2025-09-15 14:39:32 DEBUG o.s.w.s.h.SimpleUrlHandlerMapping - Patterns [/webjars/**, /**] in 'resourceHandlerMapping'
2025-09-15 14:39:32 INFO  o.s.b.a.e.web.EndpointLinksResolver - Exposing 13 endpoints beneath base path '/actuator'
2025-09-15 14:39:32 DEBUG o.s.s.web.DefaultSecurityFilterChain - Will secure any request with filters: DisableEncodeUrlFilter, WebAsyncManagerIntegrationFilter, SecurityContextHolderFilter, HeaderWriterFilter, CsrfFilter, LogoutFilter, UsernamePasswordAuthenticationFilter, RequestCacheAwareFilter, SecurityContextHolderAwareRequestFilter, AnonymousAuthenticationFilter, ExceptionTranslationFilter, AuthorizationFilter
2025-09-15 14:39:32 DEBUG o.s.w.s.m.m.a.RequestMappingHandlerAdapter - ControllerAdvice beans: 0 @ModelAttribute, 0 @InitBinder, 1 RequestBodyAdvice, 1 ResponseBodyAdvice
2025-09-15 14:39:33 DEBUG o.s.w.s.m.m.a.ExceptionHandlerExceptionResolver - ControllerAdvice beans: 1 @ExceptionHandler, 1 ResponseBodyAdvice
2025-09-15 14:39:33 INFO  o.s.b.d.a.OptionalLiveReloadServer - LiveReload server is running on port 35729
2025-09-15 14:39:33 INFO  o.a.coyote.http11.Http11NioProtocol - Starting ProtocolHandler ["http-nio-8081"]
2025-09-15 14:39:33 INFO  o.s.b.w.e.tomcat.TomcatWebServer - Tomcat started on port 8081 (http) with context path '/'
2025-09-15 14:39:33 INFO  c.beautysalon.BeautySalonApplication - Started BeautySalonApplication in 30.129 seconds (process running for 43.723)
2025-09-15 14:39:43 INFO  o.a.c.c.C.[Tomcat].[localhost].[/] - Initializing Spring DispatcherServlet 'dispatcherServlet'
2025-09-15 14:39:43 INFO  o.s.web.servlet.DispatcherServlet - Initializing Servlet 'dispatcherServlet'
2025-09-15 14:39:43 DEBUG o.s.web.servlet.DispatcherServlet - Detected StandardServletMultipartResolver
2025-09-15 14:39:43 DEBUG o.s.web.servlet.DispatcherServlet - Detected AcceptHeaderLocaleResolver
2025-09-15 14:39:43 DEBUG o.s.web.servlet.DispatcherServlet - Detected FixedThemeResolver
2025-09-15 14:39:43 DEBUG o.s.web.servlet.DispatcherServlet - Detected org.springframework.web.servlet.view.DefaultRequestToViewNameTranslator@7371a49f
2025-09-15 14:39:43 DEBUG o.s.web.servlet.DispatcherServlet - Detected org.springframework.web.servlet.support.SessionFlashMapManager@5a287cf8
2025-09-15 14:39:43 DEBUG o.s.web.servlet.DispatcherServlet - enableLoggingRequestDetails='false': request parameters and headers will be masked to prevent unsafe logging of potentially sensitive data
2025-09-15 14:39:43 INFO  o.s.web.servlet.DispatcherServlet - Completed initialization in 20 ms
2025-09-15 14:39:43 DEBUG o.s.security.web.FilterChainProxy - Securing GET /
2025-09-15 14:39:44 DEBUG o.s.security.web.FilterChainProxy - Secured GET /
2025-09-15 14:39:44 DEBUG o.s.web.servlet.DispatcherServlet - GET "/", parameters={}
2025-09-15 14:39:44 DEBUG o.s.w.s.m.m.a.RequestMappingHandlerMapping - Mapped to com.beautysalon.Controller.HomeController#home(Model)
2025-09-15 14:39:44 DEBUG o.s.w.s.v.ContentNegotiatingViewResolver - Selected 'text/html' given [text/html, application/xhtml+xml, image/avif, image/webp, image/apng, application/xml;q=0.9, */*;q=0.8, application/signed-exchange;v=b3;q=0.7]
2025-09-15 14:39:45 WARN  o.t.s.p.AbstractStandardFragmentInsertionTagProcessor - [THYMELEAF][http-nio-8081-exec-1][home/indexContent] Deprecated unwrapped fragment expression "${content}" found in template home/indexContent, line 24, col 10. Please use the complete syntax of fragment expressions instead ("~{${content}}"). The old, unwrapped syntax for fragment expressions will be removed in future versions of Thymeleaf.
2025-09-15 14:39:45 DEBUG o.s.s.w.a.AnonymousAuthenticationFilter - Set SecurityContextHolder to anonymous SecurityContext
2025-09-15 14:39:45 DEBUG o.s.web.servlet.DispatcherServlet - Completed 200 OK
2025-09-15 14:39:45 DEBUG o.s.security.web.FilterChainProxy - Securing GET /static/style.css
2025-09-15 14:39:45 DEBUG o.s.security.web.FilterChainProxy - Securing GET /css/style.css
2025-09-15 14:39:45 DEBUG o.s.security.web.FilterChainProxy - Secured GET /css/style.css
2025-09-15 14:39:45 DEBUG o.s.s.w.a.AnonymousAuthenticationFilter - Set SecurityContextHolder to anonymous SecurityContext
2025-09-15 14:39:45 DEBUG o.s.web.servlet.DispatcherServlet - GET "/css/style.css", parameters={}
2025-09-15 14:39:45 DEBUG o.s.w.s.h.SimpleUrlHandlerMapping - Mapped to ResourceHttpRequestHandler [classpath [META-INF/resources/], classpath [resources/], classpath [static/], classpath [public/], ServletContext [/]]
2025-09-15 14:39:45 DEBUG o.s.web.servlet.DispatcherServlet - Completed 200 OK
2025-09-15 14:39:45 DEBUG o.s.s.w.a.AnonymousAuthenticationFilter - Set SecurityContextHolder to anonymous SecurityContext
2025-09-15 14:39:45 DEBUG o.s.s.w.s.HttpSessionRequestCache - Saved request http://localhost:8081/static/style.css?continue to session
2025-09-15 14:39:45 DEBUG o.s.s.web.DefaultRedirectStrategy - Redirecting to http://localhost:8081/login
2025-09-15 14:39:46 DEBUG o.s.security.web.FilterChainProxy - Securing GET /login
2025-09-15 14:39:46 DEBUG o.s.security.web.FilterChainProxy - Secured GET /login
2025-09-15 14:39:46 DEBUG o.s.web.servlet.DispatcherServlet - GET "/login", parameters={}
2025-09-15 14:39:46 DEBUG o.s.w.s.m.m.a.RequestMappingHandlerMapping - Mapped to com.beautysalon.Controller.AuthController#login(Model)
2025-09-15 14:39:46 DEBUG o.s.w.s.v.ContentNegotiatingViewResolver - Selected '*/*' given [text/css, */*;q=0.1]
2025-09-15 14:39:46 DEBUG o.s.web.servlet.DispatcherServlet - Completed 200 OK
2025-09-15 14:39:46 DEBUG o.s.s.w.a.AnonymousAuthenticationFilter - Set SecurityContextHolder to anonymous SecurityContext
2025-09-15 14:39:47 DEBUG o.s.security.web.FilterChainProxy - Securing GET /css/style.css
2025-09-15 14:39:47 DEBUG o.s.security.web.FilterChainProxy - Secured GET /css/style.css
2025-09-15 14:39:47 DEBUG o.s.web.servlet.DispatcherServlet - GET "/css/style.css", parameters={}
2025-09-15 14:39:47 DEBUG o.s.w.s.h.SimpleUrlHandlerMapping - Mapped to ResourceHttpRequestHandler [classpath [META-INF/resources/], classpath [resources/], classpath [static/], classpath [public/], ServletContext [/]]
2025-09-15 14:39:47 DEBUG o.s.web.servlet.DispatcherServlet - Completed 200 OK
2025-09-15 14:39:47 DEBUG o.s.s.w.a.AnonymousAuthenticationFilter - Set SecurityContextHolder to anonymous SecurityContext
2025-09-15 14:39:49 DEBUG o.s.security.web.FilterChainProxy - Securing GET /favicon.ico
2025-09-15 14:39:49 DEBUG o.s.security.web.FilterChainProxy - Secured GET /favicon.ico
2025-09-15 14:39:49 DEBUG o.s.web.servlet.DispatcherServlet - GET "/favicon.ico", parameters={}
2025-09-15 14:39:49 DEBUG o.s.w.s.h.SimpleUrlHandlerMapping - Mapped to ResourceHttpRequestHandler [classpath [META-INF/resources/], classpath [resources/], classpath [static/], classpath [public/], ServletContext [/]]
2025-09-15 14:39:49 DEBUG o.s.web.servlet.DispatcherServlet - Completed 200 OK
2025-09-15 14:39:49 DEBUG o.s.s.w.a.AnonymousAuthenticationFilter - Set SecurityContextHolder to anonymous SecurityContext
2025-09-15 14:39:52 DEBUG o.s.security.web.FilterChainProxy - Securing GET /login
2025-09-15 14:39:52 DEBUG o.s.security.web.FilterChainProxy - Secured GET /login
2025-09-15 14:39:52 DEBUG o.s.web.servlet.DispatcherServlet - GET "/login", parameters={}
2025-09-15 14:39:52 DEBUG o.s.w.s.m.m.a.RequestMappingHandlerMapping - Mapped to com.beautysalon.Controller.AuthController#login(Model)
2025-09-15 14:39:52 DEBUG o.s.w.s.v.ContentNegotiatingViewResolver - Selected 'text/html' given [text/html, application/xhtml+xml, image/avif, image/webp, image/apng, application/xml;q=0.9, */*;q=0.8, application/signed-exchange;v=b3;q=0.7]
2025-09-15 14:39:52 DEBUG o.s.web.servlet.DispatcherServlet - Completed 200 OK
2025-09-15 14:39:52 DEBUG o.s.s.w.a.AnonymousAuthenticationFilter - Set SecurityContextHolder to anonymous SecurityContext
2025-09-15 14:39:52 DEBUG o.s.security.web.FilterChainProxy - Securing GET /css/style.css
2025-09-15 14:39:52 DEBUG o.s.security.web.FilterChainProxy - Securing GET /static/style.css
2025-09-15 14:39:52 DEBUG o.s.s.w.a.AnonymousAuthenticationFilter - Set SecurityContextHolder to anonymous SecurityContext
2025-09-15 14:39:52 DEBUG o.s.security.web.FilterChainProxy - Secured GET /css/style.css
2025-09-15 14:39:52 DEBUG o.s.web.servlet.DispatcherServlet - GET "/css/style.css", parameters={}
2025-09-15 14:39:52 DEBUG o.s.w.s.h.SimpleUrlHandlerMapping - Mapped to ResourceHttpRequestHandler [classpath [META-INF/resources/], classpath [resources/], classpath [static/], classpath [public/], ServletContext [/]]
2025-09-15 14:39:52 DEBUG o.s.s.w.s.HttpSessionRequestCache - Saved request http://localhost:8081/static/style.css?continue to session
2025-09-15 14:39:52 DEBUG o.s.s.web.DefaultRedirectStrategy - Redirecting to http://localhost:8081/login
2025-09-15 14:39:52 DEBUG o.s.web.servlet.DispatcherServlet - Completed 200 OK
2025-09-15 14:39:52 DEBUG o.s.s.w.a.AnonymousAuthenticationFilter - Set SecurityContextHolder to anonymous SecurityContext
2025-09-15 14:39:52 DEBUG o.s.security.web.FilterChainProxy - Securing GET /login
2025-09-15 14:39:52 DEBUG o.s.security.web.FilterChainProxy - Secured GET /login
2025-09-15 14:39:52 DEBUG o.s.web.servlet.DispatcherServlet - GET "/login", parameters={}
2025-09-15 14:39:52 DEBUG o.s.w.s.m.m.a.RequestMappingHandlerMapping - Mapped to com.beautysalon.Controller.AuthController#login(Model)
2025-09-15 14:39:52 DEBUG o.s.w.s.v.ContentNegotiatingViewResolver - Selected '*/*' given [text/css, */*;q=0.1]
2025-09-15 14:39:52 DEBUG o.s.web.servlet.DispatcherServlet - Completed 200 OK
2025-09-15 14:39:52 DEBUG o.s.s.w.a.AnonymousAuthenticationFilter - Set SecurityContextHolder to anonymous SecurityContext
2025-09-15 14:39:52 DEBUG o.s.security.web.FilterChainProxy - Securing GET /favicon.ico
2025-09-15 14:39:52 DEBUG o.s.security.web.FilterChainProxy - Secured GET /favicon.ico
2025-09-15 14:39:52 DEBUG o.s.web.servlet.DispatcherServlet - GET "/favicon.ico", parameters={}
2025-09-15 14:39:52 DEBUG o.s.w.s.h.SimpleUrlHandlerMapping - Mapped to ResourceHttpRequestHandler [classpath [META-INF/resources/], classpath [resources/], classpath [static/], classpath [public/], ServletContext [/]]
2025-09-15 14:39:52 DEBUG o.s.web.servlet.DispatcherServlet - Completed 200 OK
2025-09-15 14:39:52 DEBUG o.s.s.w.a.AnonymousAuthenticationFilter - Set SecurityContextHolder to anonymous SecurityContext
2025-09-15 14:40:12 DEBUG o.s.security.web.FilterChainProxy - Securing GET /register
2025-09-15 14:40:12 DEBUG o.s.security.web.FilterChainProxy - Secured GET /register
2025-09-15 14:40:12 DEBUG o.s.web.servlet.DispatcherServlet - GET "/register", parameters={}
2025-09-15 14:40:12 DEBUG o.s.w.s.m.m.a.RequestMappingHandlerMapping - Mapped to com.beautysalon.Controller.AuthController#showRegistrationForm(Model)
2025-09-15 14:40:12 DEBUG o.s.w.s.v.ContentNegotiatingViewResolver - Selected 'text/html' given [text/html, application/xhtml+xml, image/avif, image/webp, image/apng, application/xml;q=0.9, */*;q=0.8, application/signed-exchange;v=b3;q=0.7]
2025-09-15 14:40:12 DEBUG o.s.web.servlet.DispatcherServlet - Completed 200 OK
2025-09-15 14:40:12 DEBUG o.s.s.w.a.AnonymousAuthenticationFilter - Set SecurityContextHolder to anonymous SecurityContext
2025-09-15 14:40:12 DEBUG o.s.security.web.FilterChainProxy - Securing GET /static/style.css
2025-09-15 14:40:12 DEBUG o.s.security.web.FilterChainProxy - Securing GET /css/style.css
2025-09-15 14:40:12 DEBUG o.s.security.web.FilterChainProxy - Secured GET /css/style.css
2025-09-15 14:40:12 DEBUG o.s.web.servlet.DispatcherServlet - GET "/css/style.css", parameters={}
2025-09-15 14:40:12 DEBUG o.s.w.s.h.SimpleUrlHandlerMapping - Mapped to ResourceHttpRequestHandler [classpath [META-INF/resources/], classpath [resources/], classpath [static/], classpath [public/], ServletContext [/]]
2025-09-15 14:40:12 DEBUG o.s.s.w.a.AnonymousAuthenticationFilter - Set SecurityContextHolder to anonymous SecurityContext
2025-09-15 14:40:12 DEBUG o.s.web.servlet.DispatcherServlet - Completed 200 OK
2025-09-15 14:40:12 DEBUG o.s.s.w.a.AnonymousAuthenticationFilter - Set SecurityContextHolder to anonymous SecurityContext
2025-09-15 14:40:12 DEBUG o.s.s.w.s.HttpSessionRequestCache - Saved request http://localhost:8081/static/style.css?continue to session
2025-09-15 14:40:12 DEBUG o.s.s.web.DefaultRedirectStrategy - Redirecting to http://localhost:8081/login
2025-09-15 14:40:12 DEBUG o.s.security.web.FilterChainProxy - Securing GET /login
2025-09-15 14:40:12 DEBUG o.s.security.web.FilterChainProxy - Secured GET /login
2025-09-15 14:40:12 DEBUG o.s.web.servlet.DispatcherServlet - GET "/login", parameters={}
2025-09-15 14:40:12 DEBUG o.s.w.s.m.m.a.RequestMappingHandlerMapping - Mapped to com.beautysalon.Controller.AuthController#login(Model)
2025-09-15 14:40:12 DEBUG o.s.w.s.v.ContentNegotiatingViewResolver - Selected '*/*' given [text/css, */*;q=0.1]
2025-09-15 14:40:12 DEBUG o.s.web.servlet.DispatcherServlet - Completed 200 OK
2025-09-15 14:40:12 DEBUG o.s.s.w.a.AnonymousAuthenticationFilter - Set SecurityContextHolder to anonymous SecurityContext
2025-09-15 14:40:12 DEBUG o.s.security.web.FilterChainProxy - Securing GET /favicon.ico
2025-09-15 14:40:12 DEBUG o.s.security.web.FilterChainProxy - Secured GET /favicon.ico
2025-09-15 14:40:12 DEBUG o.s.web.servlet.DispatcherServlet - GET "/favicon.ico", parameters={}
2025-09-15 14:40:12 DEBUG o.s.w.s.h.SimpleUrlHandlerMapping - Mapped to ResourceHttpRequestHandler [classpath [META-INF/resources/], classpath [resources/], classpath [static/], classpath [public/], ServletContext [/]]
2025-09-15 14:40:12 DEBUG o.s.web.servlet.DispatcherServlet - Completed 200 OK
2025-09-15 14:40:12 DEBUG o.s.s.w.a.AnonymousAuthenticationFilter - Set SecurityContextHolder to anonymous SecurityContext
2025-09-15 14:40:38 DEBUG o.s.security.web.FilterChainProxy - Securing POST /register
2025-09-15 14:40:38 DEBUG o.s.security.web.FilterChainProxy - Secured POST /register
2025-09-15 14:40:38 DEBUG o.s.web.servlet.DispatcherServlet - POST "/register", parameters={multipart}
2025-09-15 14:40:38 DEBUG o.s.w.s.m.m.a.RequestMappingHandlerMapping - Mapped to com.beautysalon.Controller.AuthController#registerUser(UserDTO, BindingResult)
2025-09-15 14:40:39 DEBUG o.s.w.s.m.m.a.RequestResponseBodyMethodProcessor - Using 'application/json', given [*/*] and supported [application/json, application/*+json]
2025-09-15 14:40:39 DEBUG o.s.w.s.m.m.a.RequestResponseBodyMethodProcessor - Writing [{success=false, errors=[At least one role must be assigned]}]
2025-09-15 14:40:39 DEBUG o.s.web.servlet.DispatcherServlet - Completed 200 OK
2025-09-15 14:40:39 DEBUG o.s.s.w.a.AnonymousAuthenticationFilter - Set SecurityContextHolder to anonymous SecurityContext
2025-09-15 14:43:58 INFO  o.s.b.w.e.tomcat.GracefulShutdown - Commencing graceful shutdown. Waiting for active requests to complete
2025-09-15 14:43:58 INFO  o.s.b.w.e.tomcat.GracefulShutdown - Graceful shutdown complete
2025-09-15 14:43:58 INFO  o.s.o.j.LocalContainerEntityManagerFactoryBean - Closing JPA EntityManagerFactory for persistence unit 'default'
2025-09-15 14:43:58 INFO  com.zaxxer.hikari.HikariDataSource - HikariPool-1 - Shutdown initiated...
2025-09-15 14:43:58 INFO  com.zaxxer.hikari.HikariDataSource - HikariPool-1 - Shutdown completed.
2025-09-15 14:57:47 INFO  o.h.validator.internal.util.Version - HV000001: Hibernate Validator 8.0.2.Final
2025-09-15 14:57:47 INFO  c.beautysalon.BeautySalonApplication - Starting BeautySalonApplication using Java 24.0.1 with PID 18788 (C:\Users\User\Downloads\Telegram Desktop\BeautySalon_15062025\BeautySalon\target\classes started by User in C:\Users\User\Downloads\Telegram Desktop\BeautySalon_15062025\BeautySalon)
2025-09-15 14:57:47 DEBUG c.beautysalon.BeautySalonApplication - Running with Spring Boot v3.5.0, Spring v6.2.7
2025-09-15 14:57:47 INFO  c.beautysalon.BeautySalonApplication - No active profile set, falling back to 1 default profile: "default"
2025-09-15 14:57:47 INFO  o.s.b.d.e.DevToolsPropertyDefaultsPostProcessor - Devtools property defaults active! Set 'spring.devtools.add-properties' to 'false' to disable
2025-09-15 14:57:47 INFO  o.s.b.d.e.DevToolsPropertyDefaultsPostProcessor - For additional web related logging consider setting the 'logging.level.web' property to 'DEBUG'
2025-09-15 14:57:50 INFO  o.s.d.r.c.RepositoryConfigurationDelegate - Bootstrapping Spring Data JPA repositories in DEFAULT mode.
2025-09-15 14:57:50 INFO  o.s.d.r.c.RepositoryConfigurationDelegate - Finished Spring Data repository scanning in 164 ms. Found 5 JPA repository interfaces.
2025-09-15 14:57:52 INFO  o.s.b.w.e.tomcat.TomcatWebServer - Tomcat initialized with port 8081 (http)
2025-09-15 14:57:52 INFO  o.a.coyote.http11.Http11NioProtocol - Initializing ProtocolHandler ["http-nio-8081"]
2025-09-15 14:57:52 INFO  o.a.catalina.core.StandardService - Starting service [Tomcat]
2025-09-15 14:57:52 INFO  o.a.catalina.core.StandardEngine - Starting Servlet engine: [Apache Tomcat/10.1.41]
2025-09-15 14:57:52 INFO  o.a.c.c.C.[Tomcat].[localhost].[/] - Initializing Spring embedded WebApplicationContext
2025-09-15 14:57:52 INFO  o.s.b.w.s.c.ServletWebServerApplicationContext - Root WebApplicationContext: initialization completed in 4569 ms
2025-09-15 14:57:52 DEBUG o.s.w.f.ServerHttpObservationFilter - Filter 'webMvcObservationFilter' configured for use
2025-09-15 14:57:52 INFO  o.h.jpa.internal.util.LogHelper - HHH000204: Processing PersistenceUnitInfo [name: default]
2025-09-15 14:57:53 INFO  org.hibernate.Version - HHH000412: Hibernate ORM core version 6.6.15.Final
2025-09-15 14:57:53 INFO  o.h.c.i.RegionFactoryInitiator - HHH000026: Second-level cache disabled
2025-09-15 14:57:53 INFO  o.s.o.j.p.SpringPersistenceUnitInfo - No LoadTimeWeaver setup: ignoring JPA class transformer
2025-09-15 14:57:53 INFO  com.zaxxer.hikari.HikariDataSource - HikariPool-1 - Starting...
2025-09-15 14:57:54 INFO  com.zaxxer.hikari.pool.HikariPool - HikariPool-1 - Added connection org.postgresql.jdbc.PgConnection@249757e8
2025-09-15 14:57:54 INFO  com.zaxxer.hikari.HikariDataSource - HikariPool-1 - Start completed.
2025-09-15 14:57:54 WARN  org.hibernate.orm.deprecation - HHH90000025: PostgreSQLDialect does not need to be specified explicitly using 'hibernate.dialect' (remove the property setting and it will be selected by default)
2025-09-15 14:57:54 INFO  o.hibernate.orm.connections.pooling - HHH10001005: Database info:
	Database JDBC URL [Connecting through datasource 'HikariDataSource (HikariPool-1)']
	Database driver: undefined/unknown
	Database version: 17.0
	Autocommit mode: undefined/unknown
	Isolation level: undefined/unknown
	Minimum pool size: undefined/unknown
	Maximum pool size: undefined/unknown
2025-09-15 14:57:56 INFO  o.h.e.t.j.p.i.JtaPlatformInitiator - HHH000489: No JTA platform available (set 'hibernate.transaction.jta.platform' to enable JTA platform integration)
2025-09-15 14:57:57 INFO  o.s.o.j.LocalContainerEntityManagerFactoryBean - Initialized JPA EntityManagerFactory for persistence unit 'default'
2025-09-15 14:57:57 INFO  o.s.d.j.r.query.QueryEnhancerFactory - Hibernate is in classpath; If applicable, HQL parser will be used.
2025-09-15 14:57:59 INFO  o.s.s.c.a.a.c.InitializeAuthenticationProviderBeanManagerConfigurer$InitializeAuthenticationProviderManagerConfigurer - Global AuthenticationManager configured with AuthenticationProvider bean with name authProvider
2025-09-15 14:57:59 WARN  o.s.s.c.a.a.c.InitializeUserDetailsBeanManagerConfigurer$InitializeUserDetailsManagerConfigurer - Global AuthenticationManager configured with an AuthenticationProvider bean. UserDetailsService beans will not be used by Spring Security for automatically configuring username/password login. Consider removing the AuthenticationProvider bean. Alternatively, consider using the UserDetailsService in a manually instantiated DaoAuthenticationProvider. If the current configuration is intentional, to turn off this warning, increase the logging level of 'org.springframework.security.config.annotation.authentication.configuration.InitializeUserDetailsBeanManagerConfigurer' to ERROR
2025-09-15 14:57:59 WARN  o.s.s.c.a.w.c.AuthorizeHttpRequestsConfigurer$AuthorizationManagerRequestMatcherRegistry - One of the patterns in [/, home/, /login, /register, /css/**, /api/**, /uploads/**, /js/**, /images/**, /favicon.ico, /roles/**, /usuarios/**] is missing a leading slash. This is discouraged; please include the leading slash in all your request matcher patterns. In future versions of Spring Security, leaving out the leading slash will result in an exception.
2025-09-15 14:57:59 DEBUG o.s.w.s.m.m.a.RequestMappingHandlerMapping - 50 mappings in 'requestMappingHandlerMapping'
2025-09-15 14:57:59 DEBUG o.s.w.s.h.SimpleUrlHandlerMapping - Patterns [/webjars/**, /**] in 'resourceHandlerMapping'
2025-09-15 14:58:00 INFO  o.s.b.a.e.web.EndpointLinksResolver - Exposing 13 endpoints beneath base path '/actuator'
2025-09-15 14:58:00 DEBUG o.s.s.web.DefaultSecurityFilterChain - Will secure any request with filters: DisableEncodeUrlFilter, WebAsyncManagerIntegrationFilter, SecurityContextHolderFilter, HeaderWriterFilter, CsrfFilter, LogoutFilter, UsernamePasswordAuthenticationFilter, RequestCacheAwareFilter, SecurityContextHolderAwareRequestFilter, AnonymousAuthenticationFilter, ExceptionTranslationFilter, AuthorizationFilter
2025-09-15 14:58:00 DEBUG o.s.w.s.m.m.a.RequestMappingHandlerAdapter - ControllerAdvice beans: 0 @ModelAttribute, 0 @InitBinder, 1 RequestBodyAdvice, 1 ResponseBodyAdvice
2025-09-15 14:58:00 DEBUG o.s.w.s.m.m.a.ExceptionHandlerExceptionResolver - ControllerAdvice beans: 1 @ExceptionHandler, 1 ResponseBodyAdvice
2025-09-15 14:58:01 INFO  o.s.b.d.a.OptionalLiveReloadServer - LiveReload server is running on port 35729
2025-09-15 14:58:01 INFO  o.a.coyote.http11.Http11NioProtocol - Starting ProtocolHandler ["http-nio-8081"]
2025-09-15 14:58:01 INFO  o.s.b.w.e.tomcat.TomcatWebServer - Tomcat started on port 8081 (http) with context path '/'
2025-09-15 14:58:01 INFO  c.beautysalon.BeautySalonApplication - Started BeautySalonApplication in 15.209 seconds (process running for 17.353)
2025-09-15 14:58:02 INFO  o.a.c.c.C.[Tomcat].[localhost].[/] - Initializing Spring DispatcherServlet 'dispatcherServlet'
2025-09-15 14:58:02 INFO  o.s.web.servlet.DispatcherServlet - Initializing Servlet 'dispatcherServlet'
2025-09-15 14:58:02 DEBUG o.s.web.servlet.DispatcherServlet - Detected StandardServletMultipartResolver
2025-09-15 14:58:02 DEBUG o.s.web.servlet.DispatcherServlet - Detected AcceptHeaderLocaleResolver
2025-09-15 14:58:02 DEBUG o.s.web.servlet.DispatcherServlet - Detected FixedThemeResolver
2025-09-15 14:58:02 DEBUG o.s.web.servlet.DispatcherServlet - Detected org.springframework.web.servlet.view.DefaultRequestToViewNameTranslator@2ebf17b6
2025-09-15 14:58:02 DEBUG o.s.web.servlet.DispatcherServlet - Detected org.springframework.web.servlet.support.SessionFlashMapManager@69825f4e
2025-09-15 14:58:02 DEBUG o.s.web.servlet.DispatcherServlet - enableLoggingRequestDetails='false': request parameters and headers will be masked to prevent unsafe logging of potentially sensitive data
2025-09-15 14:58:02 INFO  o.s.web.servlet.DispatcherServlet - Completed initialization in 18 ms
2025-09-15 15:04:17 DEBUG o.s.security.web.FilterChainProxy - Securing GET /
2025-09-15 15:04:17 DEBUG o.s.security.web.FilterChainProxy - Secured GET /
2025-09-15 15:04:17 DEBUG o.s.web.servlet.DispatcherServlet - GET "/", parameters={}
2025-09-15 15:04:17 DEBUG o.s.w.s.m.m.a.RequestMappingHandlerMapping - Mapped to com.beautysalon.Controller.HomeController#home(Model)
2025-09-15 15:04:17 DEBUG o.s.w.s.v.ContentNegotiatingViewResolver - Selected 'text/html' given [text/html, application/xhtml+xml, image/avif, image/webp, image/apng, application/xml;q=0.9, */*;q=0.8, application/signed-exchange;v=b3;q=0.7]
2025-09-15 15:04:17 WARN  o.t.s.p.AbstractStandardFragmentInsertionTagProcessor - [THYMELEAF][http-nio-8081-exec-1][home/indexContent] Deprecated unwrapped fragment expression "${content}" found in template home/indexContent, line 24, col 10. Please use the complete syntax of fragment expressions instead ("~{${content}}"). The old, unwrapped syntax for fragment expressions will be removed in future versions of Thymeleaf.
2025-09-15 15:04:17 DEBUG o.s.s.w.a.AnonymousAuthenticationFilter - Set SecurityContextHolder to anonymous SecurityContext
2025-09-15 15:04:17 DEBUG o.s.web.servlet.DispatcherServlet - Completed 200 OK
2025-09-15 15:04:17 DEBUG o.s.security.web.FilterChainProxy - Securing GET /static/style.css
2025-09-15 15:04:17 DEBUG o.s.security.web.FilterChainProxy - Securing GET /css/style.css
2025-09-15 15:04:17 DEBUG o.s.s.w.a.AnonymousAuthenticationFilter - Set SecurityContextHolder to anonymous SecurityContext
2025-09-15 15:04:17 DEBUG o.s.security.web.FilterChainProxy - Secured GET /css/style.css
2025-09-15 15:04:17 DEBUG o.s.web.servlet.DispatcherServlet - GET "/css/style.css", parameters={}
2025-09-15 15:04:17 DEBUG o.s.w.s.h.SimpleUrlHandlerMapping - Mapped to ResourceHttpRequestHandler [classpath [META-INF/resources/], classpath [resources/], classpath [static/], classpath [public/], ServletContext [/]]
2025-09-15 15:04:17 DEBUG o.s.s.w.s.HttpSessionRequestCache - Saved request http://localhost:8081/static/style.css?continue to session
2025-09-15 15:04:17 DEBUG o.s.s.web.DefaultRedirectStrategy - Redirecting to http://localhost:8081/login
2025-09-15 15:04:17 DEBUG o.s.web.servlet.DispatcherServlet - Completed 200 OK
2025-09-15 15:04:17 DEBUG o.s.s.w.a.AnonymousAuthenticationFilter - Set SecurityContextHolder to anonymous SecurityContext
2025-09-15 15:04:17 DEBUG o.s.security.web.FilterChainProxy - Securing GET /login
2025-09-15 15:04:17 DEBUG o.s.security.web.FilterChainProxy - Secured GET /login
2025-09-15 15:04:17 DEBUG o.s.web.servlet.DispatcherServlet - GET "/login", parameters={}
2025-09-15 15:04:17 DEBUG o.s.w.s.m.m.a.RequestMappingHandlerMapping - Mapped to com.beautysalon.Controller.AuthController#login(Model)
2025-09-15 15:04:17 DEBUG o.s.w.s.v.ContentNegotiatingViewResolver - Selected '*/*' given [text/css, */*;q=0.1]
2025-09-15 15:04:17 DEBUG o.s.web.servlet.DispatcherServlet - Completed 200 OK
2025-09-15 15:04:17 DEBUG o.s.s.w.a.AnonymousAuthenticationFilter - Set SecurityContextHolder to anonymous SecurityContext
2025-09-15 15:04:18 DEBUG o.s.security.web.FilterChainProxy - Securing GET /css/style.css
2025-09-15 15:04:18 DEBUG o.s.security.web.FilterChainProxy - Secured GET /css/style.css
2025-09-15 15:04:18 DEBUG o.s.web.servlet.DispatcherServlet - GET "/css/style.css", parameters={}
2025-09-15 15:04:18 DEBUG o.s.w.s.h.SimpleUrlHandlerMapping - Mapped to ResourceHttpRequestHandler [classpath [META-INF/resources/], classpath [resources/], classpath [static/], classpath [public/], ServletContext [/]]
2025-09-15 15:04:18 DEBUG o.s.web.servlet.DispatcherServlet - Completed 200 OK
2025-09-15 15:04:18 DEBUG o.s.s.w.a.AnonymousAuthenticationFilter - Set SecurityContextHolder to anonymous SecurityContext
2025-09-15 15:04:18 DEBUG o.s.security.web.FilterChainProxy - Securing GET /favicon.ico
2025-09-15 15:04:18 DEBUG o.s.security.web.FilterChainProxy - Secured GET /favicon.ico
2025-09-15 15:04:18 DEBUG o.s.web.servlet.DispatcherServlet - GET "/favicon.ico", parameters={}
2025-09-15 15:04:18 DEBUG o.s.w.s.h.SimpleUrlHandlerMapping - Mapped to ResourceHttpRequestHandler [classpath [META-INF/resources/], classpath [resources/], classpath [static/], classpath [public/], ServletContext [/]]
2025-09-15 15:04:18 DEBUG o.s.web.servlet.DispatcherServlet - Completed 200 OK
2025-09-15 15:04:18 DEBUG o.s.s.w.a.AnonymousAuthenticationFilter - Set SecurityContextHolder to anonymous SecurityContext
2025-09-15 15:04:22 DEBUG o.s.security.web.FilterChainProxy - Securing GET /login
2025-09-15 15:04:22 DEBUG o.s.security.web.FilterChainProxy - Secured GET /login
2025-09-15 15:04:22 DEBUG o.s.web.servlet.DispatcherServlet - GET "/login", parameters={}
2025-09-15 15:04:22 DEBUG o.s.w.s.m.m.a.RequestMappingHandlerMapping - Mapped to com.beautysalon.Controller.AuthController#login(Model)
2025-09-15 15:04:22 DEBUG o.s.w.s.v.ContentNegotiatingViewResolver - Selected 'text/html' given [text/html, application/xhtml+xml, image/avif, image/webp, image/apng, application/xml;q=0.9, */*;q=0.8, application/signed-exchange;v=b3;q=0.7]
2025-09-15 15:04:22 DEBUG o.s.web.servlet.DispatcherServlet - Completed 200 OK
2025-09-15 15:04:22 DEBUG o.s.s.w.a.AnonymousAuthenticationFilter - Set SecurityContextHolder to anonymous SecurityContext
2025-09-15 15:04:22 DEBUG o.s.security.web.FilterChainProxy - Securing GET /static/style.css
2025-09-15 15:04:22 DEBUG o.s.s.w.a.AnonymousAuthenticationFilter - Set SecurityContextHolder to anonymous SecurityContext
2025-09-15 15:04:22 DEBUG o.s.s.w.s.HttpSessionRequestCache - Saved request http://localhost:8081/static/style.css?continue to session
2025-09-15 15:04:22 DEBUG o.s.s.web.DefaultRedirectStrategy - Redirecting to http://localhost:8081/login
2025-09-15 15:04:22 DEBUG o.s.security.web.FilterChainProxy - Securing GET /css/style.css
2025-09-15 15:04:22 DEBUG o.s.security.web.FilterChainProxy - Secured GET /css/style.css
2025-09-15 15:04:22 DEBUG o.s.web.servlet.DispatcherServlet - GET "/css/style.css", parameters={}
2025-09-15 15:04:22 DEBUG o.s.w.s.h.SimpleUrlHandlerMapping - Mapped to ResourceHttpRequestHandler [classpath [META-INF/resources/], classpath [resources/], classpath [static/], classpath [public/], ServletContext [/]]
2025-09-15 15:04:22 DEBUG o.s.web.servlet.DispatcherServlet - Completed 200 OK
2025-09-15 15:04:22 DEBUG o.s.s.w.a.AnonymousAuthenticationFilter - Set SecurityContextHolder to anonymous SecurityContext
2025-09-15 15:04:22 DEBUG o.s.security.web.FilterChainProxy - Securing GET /login
2025-09-15 15:04:22 DEBUG o.s.security.web.FilterChainProxy - Secured GET /login
2025-09-15 15:04:22 DEBUG o.s.web.servlet.DispatcherServlet - GET "/login", parameters={}
2025-09-15 15:04:22 DEBUG o.s.w.s.m.m.a.RequestMappingHandlerMapping - Mapped to com.beautysalon.Controller.AuthController#login(Model)
2025-09-15 15:04:22 DEBUG o.s.w.s.v.ContentNegotiatingViewResolver - Selected '*/*' given [text/css, */*;q=0.1]
2025-09-15 15:04:22 DEBUG o.s.web.servlet.DispatcherServlet - Completed 200 OK
2025-09-15 15:04:22 DEBUG o.s.s.w.a.AnonymousAuthenticationFilter - Set SecurityContextHolder to anonymous SecurityContext
2025-09-15 15:04:22 DEBUG o.s.security.web.FilterChainProxy - Securing GET /favicon.ico
2025-09-15 15:04:22 DEBUG o.s.security.web.FilterChainProxy - Secured GET /favicon.ico
2025-09-15 15:04:22 DEBUG o.s.web.servlet.DispatcherServlet - GET "/favicon.ico", parameters={}
2025-09-15 15:04:22 DEBUG o.s.w.s.h.SimpleUrlHandlerMapping - Mapped to ResourceHttpRequestHandler [classpath [META-INF/resources/], classpath [resources/], classpath [static/], classpath [public/], ServletContext [/]]
2025-09-15 15:04:22 DEBUG o.s.web.servlet.DispatcherServlet - Completed 200 OK
2025-09-15 15:04:22 DEBUG o.s.s.w.a.AnonymousAuthenticationFilter - Set SecurityContextHolder to anonymous SecurityContext
2025-09-15 15:04:24 DEBUG o.s.security.web.FilterChainProxy - Securing GET /register
2025-09-15 15:04:24 DEBUG o.s.security.web.FilterChainProxy - Secured GET /register
2025-09-15 15:04:24 DEBUG o.s.web.servlet.DispatcherServlet - GET "/register", parameters={}
2025-09-15 15:04:24 DEBUG o.s.w.s.m.m.a.RequestMappingHandlerMapping - Mapped to com.beautysalon.Controller.AuthController#showRegistrationForm(Model)
2025-09-15 15:04:24 DEBUG o.s.w.s.v.ContentNegotiatingViewResolver - Selected 'text/html' given [text/html, application/xhtml+xml, image/avif, image/webp, image/apng, application/xml;q=0.9, */*;q=0.8, application/signed-exchange;v=b3;q=0.7]
2025-09-15 15:04:24 DEBUG o.s.web.servlet.DispatcherServlet - Completed 200 OK
2025-09-15 15:04:24 DEBUG o.s.s.w.a.AnonymousAuthenticationFilter - Set SecurityContextHolder to anonymous SecurityContext
2025-09-15 15:04:24 DEBUG o.s.security.web.FilterChainProxy - Securing GET /static/style.css
2025-09-15 15:04:24 DEBUG o.s.security.web.FilterChainProxy - Securing GET /css/style.css
2025-09-15 15:04:24 DEBUG o.s.s.w.a.AnonymousAuthenticationFilter - Set SecurityContextHolder to anonymous SecurityContext
2025-09-15 15:04:24 DEBUG o.s.security.web.FilterChainProxy - Secured GET /css/style.css
2025-09-15 15:04:24 DEBUG o.s.web.servlet.DispatcherServlet - GET "/css/style.css", parameters={}
2025-09-15 15:04:24 DEBUG o.s.s.w.s.HttpSessionRequestCache - Saved request http://localhost:8081/static/style.css?continue to session
2025-09-15 15:04:24 DEBUG o.s.s.web.DefaultRedirectStrategy - Redirecting to http://localhost:8081/login
2025-09-15 15:04:24 DEBUG o.s.w.s.h.SimpleUrlHandlerMapping - Mapped to ResourceHttpRequestHandler [classpath [META-INF/resources/], classpath [resources/], classpath [static/], classpath [public/], ServletContext [/]]
2025-09-15 15:04:24 DEBUG o.s.web.servlet.DispatcherServlet - Completed 200 OK
2025-09-15 15:04:24 DEBUG o.s.s.w.a.AnonymousAuthenticationFilter - Set SecurityContextHolder to anonymous SecurityContext
2025-09-15 15:04:24 DEBUG o.s.security.web.FilterChainProxy - Securing GET /login
2025-09-15 15:04:24 DEBUG o.s.security.web.FilterChainProxy - Secured GET /login
2025-09-15 15:04:24 DEBUG o.s.web.servlet.DispatcherServlet - GET "/login", parameters={}
2025-09-15 15:04:24 DEBUG o.s.w.s.m.m.a.RequestMappingHandlerMapping - Mapped to com.beautysalon.Controller.AuthController#login(Model)
2025-09-15 15:04:24 DEBUG o.s.w.s.v.ContentNegotiatingViewResolver - Selected '*/*' given [text/css, */*;q=0.1]
2025-09-15 15:04:24 DEBUG o.s.web.servlet.DispatcherServlet - Completed 200 OK
2025-09-15 15:04:24 DEBUG o.s.s.w.a.AnonymousAuthenticationFilter - Set SecurityContextHolder to anonymous SecurityContext
2025-09-15 15:04:24 DEBUG o.s.security.web.FilterChainProxy - Securing GET /favicon.ico
2025-09-15 15:04:24 DEBUG o.s.security.web.FilterChainProxy - Secured GET /favicon.ico
2025-09-15 15:04:24 DEBUG o.s.web.servlet.DispatcherServlet - GET "/favicon.ico", parameters={}
2025-09-15 15:04:24 DEBUG o.s.w.s.h.SimpleUrlHandlerMapping - Mapped to ResourceHttpRequestHandler [classpath [META-INF/resources/], classpath [resources/], classpath [static/], classpath [public/], ServletContext [/]]
2025-09-15 15:04:24 DEBUG o.s.web.servlet.DispatcherServlet - Completed 200 OK
2025-09-15 15:04:24 DEBUG o.s.s.w.a.AnonymousAuthenticationFilter - Set SecurityContextHolder to anonymous SecurityContext
2025-09-15 15:04:57 DEBUG o.s.security.web.FilterChainProxy - Securing POST /register
2025-09-15 15:04:57 DEBUG o.s.security.web.FilterChainProxy - Secured POST /register
2025-09-15 15:04:57 DEBUG o.s.web.servlet.DispatcherServlet - POST "/register", parameters={multipart}
2025-09-15 15:04:57 DEBUG o.s.w.s.m.m.a.RequestMappingHandlerMapping - Mapped to com.beautysalon.Controller.AuthController#registerUser(UserDTO, BindingResult)
2025-09-15 15:04:57 DEBUG o.s.w.s.m.m.a.ExceptionHandlerExceptionResolver - Using @ExceptionHandler com.beautysalon.exception.GlobalExceptionHandler#handleException(Exception, Model)
2025-09-15 15:04:57 WARN  o.s.w.s.m.m.a.ExceptionHandlerExceptionResolver - Resolved [org.springframework.dao.IncorrectResultSizeDataAccessException: Query did not return a unique result: 2 results were returned]
2025-09-15 15:04:57 DEBUG o.s.web.servlet.DispatcherServlet - Using resolved error view: ModelAndView [view="error/customError"; model={errorCode=500, errorMessage=Ocorreu um erro inesperado.}]
2025-09-15 15:04:57 DEBUG o.s.w.s.v.ContentNegotiatingViewResolver - Selected '*/*' given [*/*]
2025-09-15 15:04:57 DEBUG o.s.web.servlet.DispatcherServlet - Completed 200 OK
2025-09-15 15:04:57 DEBUG o.s.s.w.a.AnonymousAuthenticationFilter - Set SecurityContextHolder to anonymous SecurityContext
2025-09-15 15:06:44 INFO  o.s.b.w.e.tomcat.GracefulShutdown - Commencing graceful shutdown. Waiting for active requests to complete
2025-09-15 15:06:44 INFO  o.s.b.w.e.tomcat.GracefulShutdown - Graceful shutdown complete
2025-09-15 15:06:44 INFO  o.s.o.j.LocalContainerEntityManagerFactoryBean - Closing JPA EntityManagerFactory for persistence unit 'default'
2025-09-15 15:06:44 INFO  com.zaxxer.hikari.HikariDataSource - HikariPool-1 - Shutdown initiated...
2025-09-15 15:06:44 INFO  com.zaxxer.hikari.HikariDataSource - HikariPool-1 - Shutdown completed.
2025-09-15 15:06:53 INFO  o.h.validator.internal.util.Version - HV000001: Hibernate Validator 8.0.2.Final
2025-09-15 15:06:53 INFO  c.beautysalon.BeautySalonApplication - Starting BeautySalonApplication using Java 24.0.1 with PID 6032 (C:\Users\User\Downloads\Telegram Desktop\BeautySalon_15062025\BeautySalon\target\classes started by User in C:\Users\User\Downloads\Telegram Desktop\BeautySalon_15062025\BeautySalon)
2025-09-15 15:06:53 DEBUG c.beautysalon.BeautySalonApplication - Running with Spring Boot v3.5.0, Spring v6.2.7
2025-09-15 15:06:53 INFO  c.beautysalon.BeautySalonApplication - No active profile set, falling back to 1 default profile: "default"
2025-09-15 15:06:54 INFO  o.s.b.d.e.DevToolsPropertyDefaultsPostProcessor - Devtools property defaults active! Set 'spring.devtools.add-properties' to 'false' to disable
2025-09-15 15:06:54 INFO  o.s.b.d.e.DevToolsPropertyDefaultsPostProcessor - For additional web related logging consider setting the 'logging.level.web' property to 'DEBUG'
2025-09-15 15:06:56 INFO  o.s.d.r.c.RepositoryConfigurationDelegate - Bootstrapping Spring Data JPA repositories in DEFAULT mode.
2025-09-15 15:06:56 INFO  o.s.d.r.c.RepositoryConfigurationDelegate - Finished Spring Data repository scanning in 105 ms. Found 5 JPA repository interfaces.
2025-09-15 15:06:57 INFO  o.s.b.w.e.tomcat.TomcatWebServer - Tomcat initialized with port 8081 (http)
2025-09-15 15:06:57 INFO  o.a.coyote.http11.Http11NioProtocol - Initializing ProtocolHandler ["http-nio-8081"]
2025-09-15 15:06:57 INFO  o.a.catalina.core.StandardService - Starting service [Tomcat]
2025-09-15 15:06:57 INFO  o.a.catalina.core.StandardEngine - Starting Servlet engine: [Apache Tomcat/10.1.41]
2025-09-15 15:06:57 INFO  o.a.c.c.C.[Tomcat].[localhost].[/] - Initializing Spring embedded WebApplicationContext
2025-09-15 15:06:57 INFO  o.s.b.w.s.c.ServletWebServerApplicationContext - Root WebApplicationContext: initialization completed in 3668 ms
2025-09-15 15:06:58 DEBUG o.s.w.f.ServerHttpObservationFilter - Filter 'webMvcObservationFilter' configured for use
2025-09-15 15:06:58 INFO  o.h.jpa.internal.util.LogHelper - HHH000204: Processing PersistenceUnitInfo [name: default]
2025-09-15 15:06:58 INFO  org.hibernate.Version - HHH000412: Hibernate ORM core version 6.6.15.Final
2025-09-15 15:06:58 INFO  o.h.c.i.RegionFactoryInitiator - HHH000026: Second-level cache disabled
2025-09-15 15:06:59 INFO  o.s.o.j.p.SpringPersistenceUnitInfo - No LoadTimeWeaver setup: ignoring JPA class transformer
2025-09-15 15:06:59 INFO  com.zaxxer.hikari.HikariDataSource - HikariPool-1 - Starting...
2025-09-15 15:06:59 INFO  com.zaxxer.hikari.pool.HikariPool - HikariPool-1 - Added connection org.postgresql.jdbc.PgConnection@78039a0d
2025-09-15 15:06:59 INFO  com.zaxxer.hikari.HikariDataSource - HikariPool-1 - Start completed.
2025-09-15 15:06:59 WARN  org.hibernate.orm.deprecation - HHH90000025: PostgreSQLDialect does not need to be specified explicitly using 'hibernate.dialect' (remove the property setting and it will be selected by default)
2025-09-15 15:06:59 INFO  o.hibernate.orm.connections.pooling - HHH10001005: Database info:
	Database JDBC URL [Connecting through datasource 'HikariDataSource (HikariPool-1)']
	Database driver: undefined/unknown
	Database version: 17.0
	Autocommit mode: undefined/unknown
	Isolation level: undefined/unknown
	Minimum pool size: undefined/unknown
	Maximum pool size: undefined/unknown
2025-09-15 15:07:01 INFO  o.h.e.t.j.p.i.JtaPlatformInitiator - HHH000489: No JTA platform available (set 'hibernate.transaction.jta.platform' to enable JTA platform integration)
2025-09-15 15:07:02 INFO  o.s.o.j.LocalContainerEntityManagerFactoryBean - Initialized JPA EntityManagerFactory for persistence unit 'default'
2025-09-15 15:07:02 INFO  o.s.d.j.r.query.QueryEnhancerFactory - Hibernate is in classpath; If applicable, HQL parser will be used.
2025-09-15 15:07:04 INFO  o.s.s.c.a.a.c.InitializeAuthenticationProviderBeanManagerConfigurer$InitializeAuthenticationProviderManagerConfigurer - Global AuthenticationManager configured with AuthenticationProvider bean with name authProvider
2025-09-15 15:07:04 WARN  o.s.s.c.a.a.c.InitializeUserDetailsBeanManagerConfigurer$InitializeUserDetailsManagerConfigurer - Global AuthenticationManager configured with an AuthenticationProvider bean. UserDetailsService beans will not be used by Spring Security for automatically configuring username/password login. Consider removing the AuthenticationProvider bean. Alternatively, consider using the UserDetailsService in a manually instantiated DaoAuthenticationProvider. If the current configuration is intentional, to turn off this warning, increase the logging level of 'org.springframework.security.config.annotation.authentication.configuration.InitializeUserDetailsBeanManagerConfigurer' to ERROR
2025-09-15 15:07:04 WARN  o.s.s.c.a.w.c.AuthorizeHttpRequestsConfigurer$AuthorizationManagerRequestMatcherRegistry - One of the patterns in [/, home/, /login, /register, /css/**, /api/**, /uploads/**, /js/**, /images/**, /favicon.ico, /roles/**, /usuarios/**] is missing a leading slash. This is discouraged; please include the leading slash in all your request matcher patterns. In future versions of Spring Security, leaving out the leading slash will result in an exception.
2025-09-15 15:07:04 DEBUG o.s.w.s.m.m.a.RequestMappingHandlerMapping - 50 mappings in 'requestMappingHandlerMapping'
2025-09-15 15:07:04 DEBUG o.s.w.s.h.SimpleUrlHandlerMapping - Patterns [/webjars/**, /**] in 'resourceHandlerMapping'
2025-09-15 15:07:05 INFO  o.s.b.a.e.web.EndpointLinksResolver - Exposing 13 endpoints beneath base path '/actuator'
2025-09-15 15:07:05 DEBUG o.s.s.web.DefaultSecurityFilterChain - Will secure any request with filters: DisableEncodeUrlFilter, WebAsyncManagerIntegrationFilter, SecurityContextHolderFilter, HeaderWriterFilter, CsrfFilter, LogoutFilter, UsernamePasswordAuthenticationFilter, RequestCacheAwareFilter, SecurityContextHolderAwareRequestFilter, AnonymousAuthenticationFilter, ExceptionTranslationFilter, AuthorizationFilter
2025-09-15 15:07:05 DEBUG o.s.w.s.m.m.a.RequestMappingHandlerAdapter - ControllerAdvice beans: 0 @ModelAttribute, 0 @InitBinder, 1 RequestBodyAdvice, 1 ResponseBodyAdvice
2025-09-15 15:07:05 DEBUG o.s.w.s.m.m.a.ExceptionHandlerExceptionResolver - ControllerAdvice beans: 1 @ExceptionHandler, 1 ResponseBodyAdvice
2025-09-15 15:07:05 INFO  o.s.b.d.a.OptionalLiveReloadServer - LiveReload server is running on port 35729
2025-09-15 15:07:05 INFO  o.a.coyote.http11.Http11NioProtocol - Starting ProtocolHandler ["http-nio-8081"]
2025-09-15 15:07:05 INFO  o.s.b.w.e.tomcat.TomcatWebServer - Tomcat started on port 8081 (http) with context path '/'
2025-09-15 15:07:05 INFO  c.beautysalon.BeautySalonApplication - Started BeautySalonApplication in 13.067 seconds (process running for 15.247)
2025-09-15 15:07:57 INFO  o.a.c.c.C.[Tomcat].[localhost].[/] - Initializing Spring DispatcherServlet 'dispatcherServlet'
2025-09-15 15:07:57 INFO  o.s.web.servlet.DispatcherServlet - Initializing Servlet 'dispatcherServlet'
2025-09-15 15:07:57 DEBUG o.s.web.servlet.DispatcherServlet - Detected StandardServletMultipartResolver
2025-09-15 15:07:57 DEBUG o.s.web.servlet.DispatcherServlet - Detected AcceptHeaderLocaleResolver
2025-09-15 15:07:57 DEBUG o.s.web.servlet.DispatcherServlet - Detected FixedThemeResolver
2025-09-15 15:07:57 DEBUG o.s.web.servlet.DispatcherServlet - Detected org.springframework.web.servlet.view.DefaultRequestToViewNameTranslator@4ad1651e
2025-09-15 15:07:57 DEBUG o.s.web.servlet.DispatcherServlet - Detected org.springframework.web.servlet.support.SessionFlashMapManager@dc91e54
2025-09-15 15:07:57 DEBUG o.s.web.servlet.DispatcherServlet - enableLoggingRequestDetails='false': request parameters and headers will be masked to prevent unsafe logging of potentially sensitive data
2025-09-15 15:07:57 INFO  o.s.web.servlet.DispatcherServlet - Completed initialization in 10 ms
2025-09-15 15:07:57 DEBUG o.s.security.web.FilterChainProxy - Securing GET /
2025-09-15 15:07:57 DEBUG o.s.security.web.FilterChainProxy - Secured GET /
2025-09-15 15:07:57 DEBUG o.s.web.servlet.DispatcherServlet - GET "/", parameters={}
2025-09-15 15:07:57 DEBUG o.s.w.s.m.m.a.RequestMappingHandlerMapping - Mapped to com.beautysalon.Controller.HomeController#home(Model)
2025-09-15 15:07:57 DEBUG o.s.w.s.v.ContentNegotiatingViewResolver - Selected 'text/html' given [text/html, application/xhtml+xml, image/avif, image/webp, image/apng, application/xml;q=0.9, */*;q=0.8, application/signed-exchange;v=b3;q=0.7]
2025-09-15 15:07:57 WARN  o.t.s.p.AbstractStandardFragmentInsertionTagProcessor - [THYMELEAF][http-nio-8081-exec-1][home/indexContent] Deprecated unwrapped fragment expression "${content}" found in template home/indexContent, line 24, col 10. Please use the complete syntax of fragment expressions instead ("~{${content}}"). The old, unwrapped syntax for fragment expressions will be removed in future versions of Thymeleaf.
2025-09-15 15:07:58 DEBUG o.s.s.w.a.AnonymousAuthenticationFilter - Set SecurityContextHolder to anonymous SecurityContext
2025-09-15 15:07:58 DEBUG o.s.web.servlet.DispatcherServlet - Completed 200 OK
2025-09-15 15:07:58 DEBUG o.s.security.web.FilterChainProxy - Securing GET /css/style.css
2025-09-15 15:07:58 DEBUG o.s.security.web.FilterChainProxy - Securing GET /static/style.css
2025-09-15 15:07:58 DEBUG o.s.security.web.FilterChainProxy - Secured GET /css/style.css
2025-09-15 15:07:58 DEBUG o.s.web.servlet.DispatcherServlet - GET "/css/style.css", parameters={}
2025-09-15 15:07:58 DEBUG o.s.s.w.a.AnonymousAuthenticationFilter - Set SecurityContextHolder to anonymous SecurityContext
2025-09-15 15:07:58 DEBUG o.s.w.s.h.SimpleUrlHandlerMapping - Mapped to ResourceHttpRequestHandler [classpath [META-INF/resources/], classpath [resources/], classpath [static/], classpath [public/], ServletContext [/]]
2025-09-15 15:07:58 DEBUG o.s.s.w.s.HttpSessionRequestCache - Saved request http://localhost:8081/static/style.css?continue to session
2025-09-15 15:07:58 DEBUG o.s.s.web.DefaultRedirectStrategy - Redirecting to http://localhost:8081/login
2025-09-15 15:07:58 DEBUG o.s.web.servlet.DispatcherServlet - Completed 200 OK
2025-09-15 15:07:58 DEBUG o.s.s.w.a.AnonymousAuthenticationFilter - Set SecurityContextHolder to anonymous SecurityContext
2025-09-15 15:07:58 DEBUG o.s.security.web.FilterChainProxy - Securing GET /login
2025-09-15 15:07:58 DEBUG o.s.security.web.FilterChainProxy - Secured GET /login
2025-09-15 15:07:58 DEBUG o.s.web.servlet.DispatcherServlet - GET "/login", parameters={}
2025-09-15 15:07:58 DEBUG o.s.w.s.m.m.a.RequestMappingHandlerMapping - Mapped to com.beautysalon.Controller.AuthController#login(Model)
2025-09-15 15:07:58 DEBUG o.s.w.s.v.ContentNegotiatingViewResolver - Selected '*/*' given [text/css, */*;q=0.1]
2025-09-15 15:07:58 DEBUG o.s.web.servlet.DispatcherServlet - Completed 200 OK
2025-09-15 15:07:58 DEBUG o.s.s.w.a.AnonymousAuthenticationFilter - Set SecurityContextHolder to anonymous SecurityContext
2025-09-15 15:07:58 DEBUG o.s.security.web.FilterChainProxy - Securing GET /css/style.css
2025-09-15 15:07:58 DEBUG o.s.security.web.FilterChainProxy - Secured GET /css/style.css
2025-09-15 15:07:58 DEBUG o.s.web.servlet.DispatcherServlet - GET "/css/style.css", parameters={}
2025-09-15 15:07:58 DEBUG o.s.w.s.h.SimpleUrlHandlerMapping - Mapped to ResourceHttpRequestHandler [classpath [META-INF/resources/], classpath [resources/], classpath [static/], classpath [public/], ServletContext [/]]
2025-09-15 15:07:58 DEBUG o.s.web.servlet.DispatcherServlet - Completed 200 OK
2025-09-15 15:07:58 DEBUG o.s.s.w.a.AnonymousAuthenticationFilter - Set SecurityContextHolder to anonymous SecurityContext
2025-09-15 15:07:58 DEBUG o.s.security.web.FilterChainProxy - Securing GET /favicon.ico
2025-09-15 15:07:58 DEBUG o.s.security.web.FilterChainProxy - Secured GET /favicon.ico
2025-09-15 15:07:58 DEBUG o.s.web.servlet.DispatcherServlet - GET "/favicon.ico", parameters={}
2025-09-15 15:07:58 DEBUG o.s.w.s.h.SimpleUrlHandlerMapping - Mapped to ResourceHttpRequestHandler [classpath [META-INF/resources/], classpath [resources/], classpath [static/], classpath [public/], ServletContext [/]]
2025-09-15 15:07:58 DEBUG o.s.web.servlet.DispatcherServlet - Completed 200 OK
2025-09-15 15:07:58 DEBUG o.s.s.w.a.AnonymousAuthenticationFilter - Set SecurityContextHolder to anonymous SecurityContext
2025-09-15 15:07:59 DEBUG o.s.security.web.FilterChainProxy - Securing GET /login
2025-09-15 15:07:59 DEBUG o.s.security.web.FilterChainProxy - Secured GET /login
2025-09-15 15:07:59 DEBUG o.s.web.servlet.DispatcherServlet - GET "/login", parameters={}
2025-09-15 15:07:59 DEBUG o.s.w.s.m.m.a.RequestMappingHandlerMapping - Mapped to com.beautysalon.Controller.AuthController#login(Model)
2025-09-15 15:07:59 DEBUG o.s.w.s.v.ContentNegotiatingViewResolver - Selected 'text/html' given [text/html, application/xhtml+xml, image/avif, image/webp, image/apng, application/xml;q=0.9, */*;q=0.8, application/signed-exchange;v=b3;q=0.7]
2025-09-15 15:07:59 DEBUG o.s.web.servlet.DispatcherServlet - Completed 200 OK
2025-09-15 15:07:59 DEBUG o.s.s.w.a.AnonymousAuthenticationFilter - Set SecurityContextHolder to anonymous SecurityContext
2025-09-15 15:07:59 DEBUG o.s.security.web.FilterChainProxy - Securing GET /static/style.css
2025-09-15 15:07:59 DEBUG o.s.s.w.a.AnonymousAuthenticationFilter - Set SecurityContextHolder to anonymous SecurityContext
2025-09-15 15:07:59 DEBUG o.s.security.web.FilterChainProxy - Securing GET /css/style.css
2025-09-15 15:07:59 DEBUG o.s.s.w.s.HttpSessionRequestCache - Saved request http://localhost:8081/static/style.css?continue to session
2025-09-15 15:07:59 DEBUG o.s.s.web.DefaultRedirectStrategy - Redirecting to http://localhost:8081/login
2025-09-15 15:07:59 DEBUG o.s.security.web.FilterChainProxy - Secured GET /css/style.css
2025-09-15 15:07:59 DEBUG o.s.web.servlet.DispatcherServlet - GET "/css/style.css", parameters={}
2025-09-15 15:07:59 DEBUG o.s.w.s.h.SimpleUrlHandlerMapping - Mapped to ResourceHttpRequestHandler [classpath [META-INF/resources/], classpath [resources/], classpath [static/], classpath [public/], ServletContext [/]]
2025-09-15 15:07:59 DEBUG o.s.web.servlet.DispatcherServlet - Completed 200 OK
2025-09-15 15:07:59 DEBUG o.s.s.w.a.AnonymousAuthenticationFilter - Set SecurityContextHolder to anonymous SecurityContext
2025-09-15 15:07:59 DEBUG o.s.security.web.FilterChainProxy - Securing GET /login
2025-09-15 15:07:59 DEBUG o.s.security.web.FilterChainProxy - Secured GET /login
2025-09-15 15:07:59 DEBUG o.s.web.servlet.DispatcherServlet - GET "/login", parameters={}
2025-09-15 15:07:59 DEBUG o.s.w.s.m.m.a.RequestMappingHandlerMapping - Mapped to com.beautysalon.Controller.AuthController#login(Model)
2025-09-15 15:07:59 DEBUG o.s.w.s.v.ContentNegotiatingViewResolver - Selected '*/*' given [text/css, */*;q=0.1]
2025-09-15 15:07:59 DEBUG o.s.web.servlet.DispatcherServlet - Completed 200 OK
2025-09-15 15:07:59 DEBUG o.s.s.w.a.AnonymousAuthenticationFilter - Set SecurityContextHolder to anonymous SecurityContext
2025-09-15 15:07:59 DEBUG o.s.security.web.FilterChainProxy - Securing GET /favicon.ico
2025-09-15 15:07:59 DEBUG o.s.security.web.FilterChainProxy - Secured GET /favicon.ico
2025-09-15 15:07:59 DEBUG o.s.web.servlet.DispatcherServlet - GET "/favicon.ico", parameters={}
2025-09-15 15:07:59 DEBUG o.s.w.s.h.SimpleUrlHandlerMapping - Mapped to ResourceHttpRequestHandler [classpath [META-INF/resources/], classpath [resources/], classpath [static/], classpath [public/], ServletContext [/]]
2025-09-15 15:08:00 DEBUG o.s.web.servlet.DispatcherServlet - Completed 200 OK
2025-09-15 15:08:00 DEBUG o.s.s.w.a.AnonymousAuthenticationFilter - Set SecurityContextHolder to anonymous SecurityContext
2025-09-15 15:08:01 DEBUG o.s.security.web.FilterChainProxy - Securing GET /register
2025-09-15 15:08:01 DEBUG o.s.security.web.FilterChainProxy - Secured GET /register
2025-09-15 15:08:01 DEBUG o.s.web.servlet.DispatcherServlet - GET "/register", parameters={}
2025-09-15 15:08:01 DEBUG o.s.w.s.m.m.a.RequestMappingHandlerMapping - Mapped to com.beautysalon.Controller.AuthController#showRegistrationForm(Model)
2025-09-15 15:08:01 DEBUG o.s.w.s.v.ContentNegotiatingViewResolver - Selected 'text/html' given [text/html, application/xhtml+xml, image/avif, image/webp, image/apng, application/xml;q=0.9, */*;q=0.8, application/signed-exchange;v=b3;q=0.7]
2025-09-15 15:08:02 DEBUG o.s.web.servlet.DispatcherServlet - Completed 200 OK
2025-09-15 15:08:02 DEBUG o.s.s.w.a.AnonymousAuthenticationFilter - Set SecurityContextHolder to anonymous SecurityContext
2025-09-15 15:08:02 DEBUG o.s.security.web.FilterChainProxy - Securing GET /static/style.css
2025-09-15 15:08:02 DEBUG o.s.security.web.FilterChainProxy - Securing GET /css/style.css
2025-09-15 15:08:02 DEBUG o.s.s.w.a.AnonymousAuthenticationFilter - Set SecurityContextHolder to anonymous SecurityContext
2025-09-15 15:08:02 DEBUG o.s.security.web.FilterChainProxy - Secured GET /css/style.css
2025-09-15 15:08:02 DEBUG o.s.web.servlet.DispatcherServlet - GET "/css/style.css", parameters={}
2025-09-15 15:08:02 DEBUG o.s.s.w.s.HttpSessionRequestCache - Saved request http://localhost:8081/static/style.css?continue to session
2025-09-15 15:08:02 DEBUG o.s.w.s.h.SimpleUrlHandlerMapping - Mapped to ResourceHttpRequestHandler [classpath [META-INF/resources/], classpath [resources/], classpath [static/], classpath [public/], ServletContext [/]]
2025-09-15 15:08:02 DEBUG o.s.s.web.DefaultRedirectStrategy - Redirecting to http://localhost:8081/login
2025-09-15 15:08:02 DEBUG o.s.web.servlet.DispatcherServlet - Completed 200 OK
2025-09-15 15:08:02 DEBUG o.s.s.w.a.AnonymousAuthenticationFilter - Set SecurityContextHolder to anonymous SecurityContext
2025-09-15 15:08:02 DEBUG o.s.security.web.FilterChainProxy - Securing GET /login
2025-09-15 15:08:02 DEBUG o.s.security.web.FilterChainProxy - Secured GET /login
2025-09-15 15:08:02 DEBUG o.s.web.servlet.DispatcherServlet - GET "/login", parameters={}
2025-09-15 15:08:02 DEBUG o.s.w.s.m.m.a.RequestMappingHandlerMapping - Mapped to com.beautysalon.Controller.AuthController#login(Model)
2025-09-15 15:08:02 DEBUG o.s.w.s.v.ContentNegotiatingViewResolver - Selected '*/*' given [text/css, */*;q=0.1]
2025-09-15 15:08:02 DEBUG o.s.web.servlet.DispatcherServlet - Completed 200 OK
2025-09-15 15:08:02 DEBUG o.s.s.w.a.AnonymousAuthenticationFilter - Set SecurityContextHolder to anonymous SecurityContext
2025-09-15 15:08:02 DEBUG o.s.security.web.FilterChainProxy - Securing GET /favicon.ico
2025-09-15 15:08:02 DEBUG o.s.security.web.FilterChainProxy - Secured GET /favicon.ico
2025-09-15 15:08:02 DEBUG o.s.web.servlet.DispatcherServlet - GET "/favicon.ico", parameters={}
2025-09-15 15:08:02 DEBUG o.s.w.s.h.SimpleUrlHandlerMapping - Mapped to ResourceHttpRequestHandler [classpath [META-INF/resources/], classpath [resources/], classpath [static/], classpath [public/], ServletContext [/]]
2025-09-15 15:08:02 DEBUG o.s.web.servlet.DispatcherServlet - Completed 200 OK
2025-09-15 15:08:02 DEBUG o.s.s.w.a.AnonymousAuthenticationFilter - Set SecurityContextHolder to anonymous SecurityContext
2025-09-15 15:09:38 DEBUG o.s.security.web.FilterChainProxy - Securing POST /register
2025-09-15 15:09:38 DEBUG o.s.security.web.FilterChainProxy - Secured POST /register
2025-09-15 15:09:38 DEBUG o.s.web.servlet.DispatcherServlet - POST "/register", parameters={multipart}
2025-09-15 15:09:38 DEBUG o.s.w.s.m.m.a.RequestMappingHandlerMapping - Mapped to com.beautysalon.Controller.AuthController#registerUser(UserDTO, BindingResult)
2025-09-15 15:09:39 DEBUG o.s.w.s.m.m.a.ExceptionHandlerExceptionResolver - Using @ExceptionHandler com.beautysalon.exception.GlobalExceptionHandler#handleException(Exception, Model)
2025-09-15 15:09:39 WARN  o.s.w.s.m.m.a.ExceptionHandlerExceptionResolver - Resolved [org.springframework.dao.IncorrectResultSizeDataAccessException: Query did not return a unique result: 2 results were returned]
2025-09-15 15:09:39 DEBUG o.s.web.servlet.DispatcherServlet - Using resolved error view: ModelAndView [view="error/customError"; model={errorCode=500, errorMessage=Ocorreu um erro inesperado.}]
2025-09-15 15:09:39 DEBUG o.s.w.s.v.ContentNegotiatingViewResolver - Selected '*/*' given [*/*]
2025-09-15 15:09:39 DEBUG o.s.web.servlet.DispatcherServlet - Completed 200 OK
2025-09-15 15:09:39 DEBUG o.s.s.w.a.AnonymousAuthenticationFilter - Set SecurityContextHolder to anonymous SecurityContext
2025-09-15 15:17:14 INFO  o.s.b.w.e.tomcat.GracefulShutdown - Commencing graceful shutdown. Waiting for active requests to complete
2025-09-15 15:17:14 INFO  o.s.b.w.e.tomcat.GracefulShutdown - Graceful shutdown complete
2025-09-15 15:17:14 INFO  o.s.o.j.LocalContainerEntityManagerFactoryBean - Closing JPA EntityManagerFactory for persistence unit 'default'
2025-09-15 15:17:14 INFO  com.zaxxer.hikari.HikariDataSource - HikariPool-1 - Shutdown initiated...
2025-09-15 15:17:14 INFO  com.zaxxer.hikari.HikariDataSource - HikariPool-1 - Shutdown completed.
